[2023-02-02 13:17:01,687] multiqc                                            [DEBUG  ]  No MultiQC config found: /opt/software/MultiQC/1.9-intel-2020a-Python-3.8.2/lib/python3.8/site-packages/multiqc_config.yaml
[2023-02-02 13:17:01,688] multiqc                                            [DEBUG  ]  No MultiQC config found: /home/zdellaert/.multiqc_config.yaml
[2023-02-02 13:17:01,690] multiqc                                            [DEBUG  ]  No MultiQC config found: multiqc_config.yaml
[2023-02-02 13:17:01,690] multiqc                                            [DEBUG  ]  Command used: /opt/software/MultiQC/1.9-intel-2020a-Python-3.8.2/bin/multiqc /data/putnamlab/zdellaert/Pdam-TagSeq/trimmed_qc/
[2023-02-02 13:17:02,349] multiqc                                            [WARNING]  MultiQC Version v1.14 now available!
[2023-02-02 13:17:02,349] multiqc                                            [INFO   ]  This is MultiQC v1.9
[2023-02-02 13:17:02,349] multiqc                                            [DEBUG  ]  Command     : /opt/software/MultiQC/1.9-intel-2020a-Python-3.8.2/bin/multiqc /data/putnamlab/zdellaert/Pdam-TagSeq/trimmed_qc/
[2023-02-02 13:17:02,349] multiqc                                            [DEBUG  ]  Working dir : /glfs/brick01/gv0/putnamlab/zdellaert/Pdam-TagSeq/raw_data
[2023-02-02 13:17:02,349] multiqc                                            [INFO   ]  Template    : default
[2023-02-02 13:17:02,349] multiqc                                            [DEBUG  ]  Running Python 3.8.2 (default, May 13 2020, 12:13:08)  [GCC 9.3.0]
[2023-02-02 13:17:02,349] multiqc                                            [INFO   ]  Searching   : /data/putnamlab/zdellaert/Pdam-TagSeq/trimmed_qc
[2023-02-02 13:17:02,350] multiqc                                            [DEBUG  ]  Analysing modules: custom_content, conpair, peddy, somalier, methylQA, mosdepth, phantompeakqualtools, qualimap, preseq, quast, qorts, rna_seqc, rockhopper, rsem, rseqc, busco, goleft_indexcov, disambiguate, supernova, deeptools, sargasso, verifybamid, mirtrace, happy, mirtop, homer, macs2, theta2, snpeff, gatk, htseq, bcftools, featureCounts, fgbio, dragen, dedup, damageprofiler, biobambam2, mtnucratio, picard, prokka, samblaster, samtools, sexdeterrmine, bamtools, jellyfish, vcftools, longranger, stacks, varscan2, bbmap, bismark, biscuit, hicexplorer, hicup, hicpro, salmon, kallisto, slamdunk, star, hisat2, tophat, bowtie2, bowtie1, snpsplit, kat, leehom, adapterRemoval, clipandmerge, cutadapt, flexbar, kaiju, kraken, malt, trimmomatic, sickle, skewer, sortmerna, biobloomtools, fastq_screen, afterqc, fastp, fastqc, pycoqc, minionqc, multivcfanalyzer, clusterflow, bcl2fastq, interop, ivar, flash, seqyclean
[2023-02-02 13:17:02,350] multiqc                                            [DEBUG  ]  Using temporary directory for creating report: /tmp/tmpcpetql3k
[2023-02-02 13:17:02,586] multiqc                                            [DEBUG  ]  File ignored by hicexplorer because it exceeded search pattern filesize limit: clean.RF13D_S112_L002_R1_001_fastqc.html
[2023-02-02 13:17:02,603] multiqc                                            [DEBUG  ]  File ignored by longranger/invocation because it exceeded search pattern filesize limit: clean.RF13D_S112_L002_R1_001_fastqc.html
[2023-02-02 13:17:02,721] multiqc                                            [DEBUG  ]  File ignored by hicexplorer because it exceeded search pattern filesize limit: clean.RF15D_S84_L002_R1_001_fastqc.html
[2023-02-02 13:17:02,738] multiqc                                            [DEBUG  ]  File ignored by longranger/invocation because it exceeded search pattern filesize limit: clean.RF15D_S84_L002_R1_001_fastqc.html
[2023-02-02 13:17:02,870] multiqc                                            [DEBUG  ]  File ignored by hicexplorer because it exceeded search pattern filesize limit: clean.RF19B_S103_L002_R1_001_fastqc.html
[2023-02-02 13:17:02,888] multiqc                                            [DEBUG  ]  File ignored by longranger/invocation because it exceeded search pattern filesize limit: clean.RF19B_S103_L002_R1_001_fastqc.html
[2023-02-02 13:17:03,016] multiqc                                            [DEBUG  ]  File ignored by hicexplorer because it exceeded search pattern filesize limit: clean.RF19C_S83_L002_R1_001_fastqc.html
[2023-02-02 13:17:03,035] multiqc                                            [DEBUG  ]  File ignored by longranger/invocation because it exceeded search pattern filesize limit: clean.RF19C_S83_L002_R1_001_fastqc.html
[2023-02-02 13:17:03,168] multiqc                                            [DEBUG  ]  File ignored by hicexplorer because it exceeded search pattern filesize limit: clean.RF20C_S115_L002_R1_001_fastqc.html
[2023-02-02 13:17:03,187] multiqc                                            [DEBUG  ]  File ignored by longranger/invocation because it exceeded search pattern filesize limit: clean.RF20C_S115_L002_R1_001_fastqc.html
[2023-02-02 13:17:03,316] multiqc                                            [DEBUG  ]  File ignored by hicexplorer because it exceeded search pattern filesize limit: clean.RF22B_S91_L001_R1_001_fastqc.html
[2023-02-02 13:17:03,333] multiqc                                            [DEBUG  ]  File ignored by longranger/invocation because it exceeded search pattern filesize limit: clean.RF22B_S91_L001_R1_001_fastqc.html
[2023-02-02 13:17:03,464] multiqc                                            [DEBUG  ]  File ignored by hicexplorer because it exceeded search pattern filesize limit: clean.RF23C_S108_L001_R1_001_fastqc.html
[2023-02-02 13:17:03,484] multiqc                                            [DEBUG  ]  File ignored by longranger/invocation because it exceeded search pattern filesize limit: clean.RF23C_S108_L001_R1_001_fastqc.html
[2023-02-02 13:17:03,600] multiqc                                            [DEBUG  ]  File ignored by hicexplorer because it exceeded search pattern filesize limit: clean.RF24B_S92_L002_R1_001_fastqc.html
[2023-02-02 13:17:03,618] multiqc                                            [DEBUG  ]  File ignored by longranger/invocation because it exceeded search pattern filesize limit: clean.RF24B_S92_L002_R1_001_fastqc.html
[2023-02-02 13:17:03,751] multiqc                                            [DEBUG  ]  File ignored by hicexplorer because it exceeded search pattern filesize limit: clean.RF25C_S110_L001_R1_001_fastqc.html
[2023-02-02 13:17:03,769] multiqc                                            [DEBUG  ]  File ignored by longranger/invocation because it exceeded search pattern filesize limit: clean.RF25C_S110_L001_R1_001_fastqc.html
[2023-02-02 13:17:03,906] multiqc                                            [DEBUG  ]  File ignored by hicexplorer because it exceeded search pattern filesize limit: clean.RF25C_S110_L002_R1_001_fastqc.html
[2023-02-02 13:17:03,926] multiqc                                            [DEBUG  ]  File ignored by longranger/invocation because it exceeded search pattern filesize limit: clean.RF25C_S110_L002_R1_001_fastqc.html
[2023-02-02 13:17:04,054] multiqc                                            [DEBUG  ]  File ignored by hicexplorer because it exceeded search pattern filesize limit: clean.RS11D_S87_L002_R1_001_fastqc.html
[2023-02-02 13:17:04,073] multiqc                                            [DEBUG  ]  File ignored by longranger/invocation because it exceeded search pattern filesize limit: clean.RS11D_S87_L002_R1_001_fastqc.html
[2023-02-02 13:17:04,191] multiqc                                            [DEBUG  ]  File ignored by hicexplorer because it exceeded search pattern filesize limit: clean.RS13A_S121_L002_R1_001_fastqc.html
[2023-02-02 13:17:04,209] multiqc                                            [DEBUG  ]  File ignored by longranger/invocation because it exceeded search pattern filesize limit: clean.RS13A_S121_L002_R1_001_fastqc.html
[2023-02-02 13:17:04,327] multiqc                                            [DEBUG  ]  File ignored by hicexplorer because it exceeded search pattern filesize limit: clean.RS14B_S107_L001_R1_001_fastqc.html
[2023-02-02 13:17:04,345] multiqc                                            [DEBUG  ]  File ignored by longranger/invocation because it exceeded search pattern filesize limit: clean.RS14B_S107_L001_R1_001_fastqc.html
[2023-02-02 13:17:04,464] multiqc                                            [DEBUG  ]  File ignored by hicexplorer because it exceeded search pattern filesize limit: clean.RS2B_S123_L002_R1_001_fastqc.html
[2023-02-02 13:17:04,483] multiqc                                            [DEBUG  ]  File ignored by longranger/invocation because it exceeded search pattern filesize limit: clean.RS2B_S123_L002_R1_001_fastqc.html
[2023-02-02 13:17:04,596] multiqc                                            [DEBUG  ]  File ignored by hicexplorer because it exceeded search pattern filesize limit: clean.RS2C_S89_L002_R1_001_fastqc.html
[2023-02-02 13:17:04,614] multiqc                                            [DEBUG  ]  File ignored by longranger/invocation because it exceeded search pattern filesize limit: clean.RS2C_S89_L002_R1_001_fastqc.html
[2023-02-02 13:17:04,733] multiqc                                            [DEBUG  ]  File ignored by hicexplorer because it exceeded search pattern filesize limit: clean.RS6A_S81_L002_R1_001_fastqc.html
[2023-02-02 13:17:04,749] multiqc                                            [DEBUG  ]  File ignored by longranger/invocation because it exceeded search pattern filesize limit: clean.RS6A_S81_L002_R1_001_fastqc.html
[2023-02-02 13:17:04,866] multiqc                                            [DEBUG  ]  File ignored by hicexplorer because it exceeded search pattern filesize limit: clean.RS6D_S124_L001_R1_001_fastqc.html
[2023-02-02 13:17:04,884] multiqc                                            [DEBUG  ]  File ignored by longranger/invocation because it exceeded search pattern filesize limit: clean.RS6D_S124_L001_R1_001_fastqc.html
[2023-02-02 13:17:04,996] multiqc                                            [DEBUG  ]  File ignored by hicexplorer because it exceeded search pattern filesize limit: clean.RS7B_S120_L001_R1_001_fastqc.html
[2023-02-02 13:17:05,013] multiqc                                            [DEBUG  ]  File ignored by longranger/invocation because it exceeded search pattern filesize limit: clean.RS7B_S120_L001_R1_001_fastqc.html
[2023-02-02 13:17:05,131] multiqc                                            [DEBUG  ]  File ignored by hicexplorer because it exceeded search pattern filesize limit: clean.RS7B_S120_L002_R1_001_fastqc.html
[2023-02-02 13:17:05,150] multiqc                                            [DEBUG  ]  File ignored by longranger/invocation because it exceeded search pattern filesize limit: clean.RS7B_S120_L002_R1_001_fastqc.html
[2023-02-02 13:17:05,265] multiqc                                            [DEBUG  ]  File ignored by hicexplorer because it exceeded search pattern filesize limit: clean.RS7C_S101_L001_R1_001_fastqc.html
[2023-02-02 13:17:05,285] multiqc                                            [DEBUG  ]  File ignored by longranger/invocation because it exceeded search pattern filesize limit: clean.RS7C_S101_L001_R1_001_fastqc.html
[2023-02-02 13:17:05,400] multiqc                                            [DEBUG  ]  File ignored by hicexplorer because it exceeded search pattern filesize limit: clean.RS9A_S98_L002_R1_001_fastqc.html
[2023-02-02 13:17:05,419] multiqc                                            [DEBUG  ]  File ignored by longranger/invocation because it exceeded search pattern filesize limit: clean.RS9A_S98_L002_R1_001_fastqc.html
[2023-02-02 13:17:05,543] multiqc                                            [DEBUG  ]  File ignored by hicexplorer because it exceeded search pattern filesize limit: clean.RS9C_S93_L002_R1_001_fastqc.html
[2023-02-02 13:17:05,562] multiqc                                            [DEBUG  ]  File ignored by longranger/invocation because it exceeded search pattern filesize limit: clean.RS9C_S93_L002_R1_001_fastqc.html
[2023-02-02 13:17:05,678] multiqc                                            [DEBUG  ]  File ignored by hicexplorer because it exceeded search pattern filesize limit: clean.RF13B_S85_L002_R1_001_fastqc.html
[2023-02-02 13:17:05,699] multiqc                                            [DEBUG  ]  File ignored by longranger/invocation because it exceeded search pattern filesize limit: clean.RF13B_S85_L002_R1_001_fastqc.html
[2023-02-02 13:17:05,809] multiqc                                            [DEBUG  ]  File ignored by hicexplorer because it exceeded search pattern filesize limit: clean.RF14B_S116_L001_R1_001_fastqc.html
[2023-02-02 13:17:05,826] multiqc                                            [DEBUG  ]  File ignored by longranger/invocation because it exceeded search pattern filesize limit: clean.RF14B_S116_L001_R1_001_fastqc.html
[2023-02-02 13:17:05,938] multiqc                                            [DEBUG  ]  File ignored by hicexplorer because it exceeded search pattern filesize limit: clean.RF14B_S116_L002_R1_001_fastqc.html
[2023-02-02 13:17:05,954] multiqc                                            [DEBUG  ]  File ignored by longranger/invocation because it exceeded search pattern filesize limit: clean.RF14B_S116_L002_R1_001_fastqc.html
[2023-02-02 13:17:06,067] multiqc                                            [DEBUG  ]  File ignored by hicexplorer because it exceeded search pattern filesize limit: clean.RF14C_S95_L001_R1_001_fastqc.html
[2023-02-02 13:17:06,084] multiqc                                            [DEBUG  ]  File ignored by longranger/invocation because it exceeded search pattern filesize limit: clean.RF14C_S95_L001_R1_001_fastqc.html
[2023-02-02 13:17:06,195] multiqc                                            [DEBUG  ]  File ignored by hicexplorer because it exceeded search pattern filesize limit: clean.RF15B_S122_L002_R1_001_fastqc.html
[2023-02-02 13:17:06,213] multiqc                                            [DEBUG  ]  File ignored by longranger/invocation because it exceeded search pattern filesize limit: clean.RF15B_S122_L002_R1_001_fastqc.html
[2023-02-02 13:17:06,328] multiqc                                            [DEBUG  ]  File ignored by hicexplorer because it exceeded search pattern filesize limit: clean.RF16C_S97_L001_R1_001_fastqc.html
[2023-02-02 13:17:06,345] multiqc                                            [DEBUG  ]  File ignored by longranger/invocation because it exceeded search pattern filesize limit: clean.RF16C_S97_L001_R1_001_fastqc.html
[2023-02-02 13:17:06,449] multiqc                                            [DEBUG  ]  File ignored by hicexplorer because it exceeded search pattern filesize limit: clean.RF17D_S99_L002_R1_001_fastqc.html
[2023-02-02 13:17:06,463] multiqc                                            [DEBUG  ]  File ignored by longranger/invocation because it exceeded search pattern filesize limit: clean.RF17D_S99_L002_R1_001_fastqc.html
[2023-02-02 13:17:06,579] multiqc                                            [DEBUG  ]  File ignored by hicexplorer because it exceeded search pattern filesize limit: clean.RF18D_S113_L001_R1_001_fastqc.html
[2023-02-02 13:17:06,595] multiqc                                            [DEBUG  ]  File ignored by longranger/invocation because it exceeded search pattern filesize limit: clean.RF18D_S113_L001_R1_001_fastqc.html
[2023-02-02 13:17:06,708] multiqc                                            [DEBUG  ]  File ignored by hicexplorer because it exceeded search pattern filesize limit: clean.RF20B_S88_L002_R1_001_fastqc.html
[2023-02-02 13:17:06,724] multiqc                                            [DEBUG  ]  File ignored by longranger/invocation because it exceeded search pattern filesize limit: clean.RF20B_S88_L002_R1_001_fastqc.html
[2023-02-02 13:17:06,835] multiqc                                            [DEBUG  ]  File ignored by hicexplorer because it exceeded search pattern filesize limit: clean.RF22C_S126_L001_R1_001_fastqc.html
[2023-02-02 13:17:06,850] multiqc                                            [DEBUG  ]  File ignored by longranger/invocation because it exceeded search pattern filesize limit: clean.RF22C_S126_L001_R1_001_fastqc.html
[2023-02-02 13:17:06,956] multiqc                                            [DEBUG  ]  File ignored by hicexplorer because it exceeded search pattern filesize limit: clean.RS11D_S87_L001_R1_001_fastqc.html
[2023-02-02 13:17:06,972] multiqc                                            [DEBUG  ]  File ignored by longranger/invocation because it exceeded search pattern filesize limit: clean.RS11D_S87_L001_R1_001_fastqc.html
[2023-02-02 13:17:07,083] multiqc                                            [DEBUG  ]  File ignored by hicexplorer because it exceeded search pattern filesize limit: clean.RS12A_S105_L001_R1_001_fastqc.html
[2023-02-02 13:17:07,101] multiqc                                            [DEBUG  ]  File ignored by longranger/invocation because it exceeded search pattern filesize limit: clean.RS12A_S105_L001_R1_001_fastqc.html
[2023-02-02 13:17:07,219] multiqc                                            [DEBUG  ]  File ignored by hicexplorer because it exceeded search pattern filesize limit: clean.RS14B_S107_L002_R1_001_fastqc.html
[2023-02-02 13:17:07,237] multiqc                                            [DEBUG  ]  File ignored by longranger/invocation because it exceeded search pattern filesize limit: clean.RS14B_S107_L002_R1_001_fastqc.html
[2023-02-02 13:17:07,352] multiqc                                            [DEBUG  ]  File ignored by hicexplorer because it exceeded search pattern filesize limit: clean.RS15B_S104_L001_R1_001_fastqc.html
[2023-02-02 13:17:07,369] multiqc                                            [DEBUG  ]  File ignored by longranger/invocation because it exceeded search pattern filesize limit: clean.RS15B_S104_L001_R1_001_fastqc.html
[2023-02-02 13:17:07,477] multiqc                                            [DEBUG  ]  File ignored by hicexplorer because it exceeded search pattern filesize limit: clean.RS15D_S82_L001_R1_001_fastqc.html
[2023-02-02 13:17:07,495] multiqc                                            [DEBUG  ]  File ignored by longranger/invocation because it exceeded search pattern filesize limit: clean.RS15D_S82_L001_R1_001_fastqc.html
[2023-02-02 13:17:07,614] multiqc                                            [DEBUG  ]  File ignored by hicexplorer because it exceeded search pattern filesize limit: clean.RS1B_S102_L001_R1_001_fastqc.html
[2023-02-02 13:17:07,631] multiqc                                            [DEBUG  ]  File ignored by longranger/invocation because it exceeded search pattern filesize limit: clean.RS1B_S102_L001_R1_001_fastqc.html
[2023-02-02 13:17:07,749] multiqc                                            [DEBUG  ]  File ignored by hicexplorer because it exceeded search pattern filesize limit: clean.RS6A_S81_L001_R1_001_fastqc.html
[2023-02-02 13:17:07,766] multiqc                                            [DEBUG  ]  File ignored by longranger/invocation because it exceeded search pattern filesize limit: clean.RS6A_S81_L001_R1_001_fastqc.html
[2023-02-02 13:17:07,878] multiqc                                            [DEBUG  ]  File ignored by hicexplorer because it exceeded search pattern filesize limit: clean.RS7C_S101_L002_R1_001_fastqc.html
[2023-02-02 13:17:07,894] multiqc                                            [DEBUG  ]  File ignored by longranger/invocation because it exceeded search pattern filesize limit: clean.RS7C_S101_L002_R1_001_fastqc.html
[2023-02-02 13:17:07,997] multiqc                                            [DEBUG  ]  File ignored by hicexplorer because it exceeded search pattern filesize limit: clean.RS8C_S114_L001_R1_001_fastqc.html
[2023-02-02 13:17:08,013] multiqc                                            [DEBUG  ]  File ignored by longranger/invocation because it exceeded search pattern filesize limit: clean.RS8C_S114_L001_R1_001_fastqc.html
[2023-02-02 13:17:08,125] multiqc                                            [DEBUG  ]  File ignored by hicexplorer because it exceeded search pattern filesize limit: clean.RS9A_S98_L001_R1_001_fastqc.html
[2023-02-02 13:17:08,139] multiqc                                            [DEBUG  ]  File ignored by longranger/invocation because it exceeded search pattern filesize limit: clean.RS9A_S98_L001_R1_001_fastqc.html
[2023-02-02 13:17:08,251] multiqc                                            [DEBUG  ]  File ignored by hicexplorer because it exceeded search pattern filesize limit: clean.RF13D_S112_L001_R1_001_fastqc.html
[2023-02-02 13:17:08,267] multiqc                                            [DEBUG  ]  File ignored by longranger/invocation because it exceeded search pattern filesize limit: clean.RF13D_S112_L001_R1_001_fastqc.html
[2023-02-02 13:17:08,380] multiqc                                            [DEBUG  ]  File ignored by hicexplorer because it exceeded search pattern filesize limit: clean.RF15B_S122_L001_R1_001_fastqc.html
[2023-02-02 13:17:08,395] multiqc                                            [DEBUG  ]  File ignored by longranger/invocation because it exceeded search pattern filesize limit: clean.RF15B_S122_L001_R1_001_fastqc.html
[2023-02-02 13:17:08,515] multiqc                                            [DEBUG  ]  File ignored by hicexplorer because it exceeded search pattern filesize limit: clean.RF16A_S118_L002_R1_001_fastqc.html
[2023-02-02 13:17:08,531] multiqc                                            [DEBUG  ]  File ignored by longranger/invocation because it exceeded search pattern filesize limit: clean.RF16A_S118_L002_R1_001_fastqc.html
[2023-02-02 13:17:08,643] multiqc                                            [DEBUG  ]  File ignored by hicexplorer because it exceeded search pattern filesize limit: clean.RF16C_S97_L002_R1_001_fastqc.html
[2023-02-02 13:17:08,661] multiqc                                            [DEBUG  ]  File ignored by longranger/invocation because it exceeded search pattern filesize limit: clean.RF16C_S97_L002_R1_001_fastqc.html
[2023-02-02 13:17:08,779] multiqc                                            [DEBUG  ]  File ignored by hicexplorer because it exceeded search pattern filesize limit: clean.RF17B_S80_L001_R1_001_fastqc.html
[2023-02-02 13:17:08,796] multiqc                                            [DEBUG  ]  File ignored by longranger/invocation because it exceeded search pattern filesize limit: clean.RF17B_S80_L001_R1_001_fastqc.html
[2023-02-02 13:17:08,913] multiqc                                            [DEBUG  ]  File ignored by hicexplorer because it exceeded search pattern filesize limit: clean.RF17B_S80_L002_R1_001_fastqc.html
[2023-02-02 13:17:08,929] multiqc                                            [DEBUG  ]  File ignored by longranger/invocation because it exceeded search pattern filesize limit: clean.RF17B_S80_L002_R1_001_fastqc.html
[2023-02-02 13:17:09,046] multiqc                                            [DEBUG  ]  File ignored by hicexplorer because it exceeded search pattern filesize limit: clean.RF18B_S90_L002_R1_001_fastqc.html
[2023-02-02 13:17:09,064] multiqc                                            [DEBUG  ]  File ignored by longranger/invocation because it exceeded search pattern filesize limit: clean.RF18B_S90_L002_R1_001_fastqc.html
[2023-02-02 13:17:09,177] multiqc                                            [DEBUG  ]  File ignored by hicexplorer because it exceeded search pattern filesize limit: clean.RF18D_S113_L002_R1_001_fastqc.html
[2023-02-02 13:17:09,194] multiqc                                            [DEBUG  ]  File ignored by longranger/invocation because it exceeded search pattern filesize limit: clean.RF18D_S113_L002_R1_001_fastqc.html
[2023-02-02 13:17:09,313] multiqc                                            [DEBUG  ]  File ignored by hicexplorer because it exceeded search pattern filesize limit: clean.RF19C_S83_L001_R1_001_fastqc.html
[2023-02-02 13:17:09,328] multiqc                                            [DEBUG  ]  File ignored by longranger/invocation because it exceeded search pattern filesize limit: clean.RF19C_S83_L001_R1_001_fastqc.html
[2023-02-02 13:17:09,439] multiqc                                            [DEBUG  ]  File ignored by hicexplorer because it exceeded search pattern filesize limit: clean.RF20B_S88_L001_R1_001_fastqc.html
[2023-02-02 13:17:09,457] multiqc                                            [DEBUG  ]  File ignored by longranger/invocation because it exceeded search pattern filesize limit: clean.RF20B_S88_L001_R1_001_fastqc.html
[2023-02-02 13:17:09,569] multiqc                                            [DEBUG  ]  File ignored by hicexplorer because it exceeded search pattern filesize limit: clean.RF20C_S115_L001_R1_001_fastqc.html
[2023-02-02 13:17:09,586] multiqc                                            [DEBUG  ]  File ignored by longranger/invocation because it exceeded search pattern filesize limit: clean.RF20C_S115_L001_R1_001_fastqc.html
[2023-02-02 13:17:09,699] multiqc                                            [DEBUG  ]  File ignored by hicexplorer because it exceeded search pattern filesize limit: clean.RF22B_S91_L002_R1_001_fastqc.html
[2023-02-02 13:17:09,719] multiqc                                            [DEBUG  ]  File ignored by longranger/invocation because it exceeded search pattern filesize limit: clean.RF22B_S91_L002_R1_001_fastqc.html
[2023-02-02 13:17:09,833] multiqc                                            [DEBUG  ]  File ignored by hicexplorer because it exceeded search pattern filesize limit: clean.RF22C_S126_L002_R1_001_fastqc.html
[2023-02-02 13:17:09,852] multiqc                                            [DEBUG  ]  File ignored by longranger/invocation because it exceeded search pattern filesize limit: clean.RF22C_S126_L002_R1_001_fastqc.html
[2023-02-02 13:17:09,966] multiqc                                            [DEBUG  ]  File ignored by hicexplorer because it exceeded search pattern filesize limit: clean.RF23A_S125_L001_R1_001_fastqc.html
[2023-02-02 13:17:09,985] multiqc                                            [DEBUG  ]  File ignored by longranger/invocation because it exceeded search pattern filesize limit: clean.RF23A_S125_L001_R1_001_fastqc.html
[2023-02-02 13:17:10,096] multiqc                                            [DEBUG  ]  File ignored by hicexplorer because it exceeded search pattern filesize limit: clean.RF23A_S125_L002_R1_001_fastqc.html
[2023-02-02 13:17:10,114] multiqc                                            [DEBUG  ]  File ignored by longranger/invocation because it exceeded search pattern filesize limit: clean.RF23A_S125_L002_R1_001_fastqc.html
[2023-02-02 13:17:10,230] multiqc                                            [DEBUG  ]  File ignored by hicexplorer because it exceeded search pattern filesize limit: clean.RF24B_S92_L001_R1_001_fastqc.html
[2023-02-02 13:17:10,248] multiqc                                            [DEBUG  ]  File ignored by longranger/invocation because it exceeded search pattern filesize limit: clean.RF24B_S92_L001_R1_001_fastqc.html
[2023-02-02 13:17:10,362] multiqc                                            [DEBUG  ]  File ignored by hicexplorer because it exceeded search pattern filesize limit: clean.RF24D_S111_L002_R1_001_fastqc.html
[2023-02-02 13:17:10,380] multiqc                                            [DEBUG  ]  File ignored by longranger/invocation because it exceeded search pattern filesize limit: clean.RF24D_S111_L002_R1_001_fastqc.html
[2023-02-02 13:17:10,490] multiqc                                            [DEBUG  ]  File ignored by hicexplorer because it exceeded search pattern filesize limit: clean.RF25A_S96_L002_R1_001_fastqc.html
[2023-02-02 13:17:10,508] multiqc                                            [DEBUG  ]  File ignored by longranger/invocation because it exceeded search pattern filesize limit: clean.RF25A_S96_L002_R1_001_fastqc.html
[2023-02-02 13:17:10,618] multiqc                                            [DEBUG  ]  File ignored by hicexplorer because it exceeded search pattern filesize limit: clean.RS11B_S86_L001_R1_001_fastqc.html
[2023-02-02 13:17:10,637] multiqc                                            [DEBUG  ]  File ignored by longranger/invocation because it exceeded search pattern filesize limit: clean.RS11B_S86_L001_R1_001_fastqc.html
[2023-02-02 13:17:10,762] multiqc                                            [DEBUG  ]  File ignored by hicexplorer because it exceeded search pattern filesize limit: clean.RS12C_S106_L002_R1_001_fastqc.html
[2023-02-02 13:17:10,780] multiqc                                            [DEBUG  ]  File ignored by longranger/invocation because it exceeded search pattern filesize limit: clean.RS12C_S106_L002_R1_001_fastqc.html
[2023-02-02 13:17:10,898] multiqc                                            [DEBUG  ]  File ignored by hicexplorer because it exceeded search pattern filesize limit: clean.RS13A_S121_L001_R1_001_fastqc.html
[2023-02-02 13:17:10,915] multiqc                                            [DEBUG  ]  File ignored by longranger/invocation because it exceeded search pattern filesize limit: clean.RS13A_S121_L001_R1_001_fastqc.html
[2023-02-02 13:17:11,031] multiqc                                            [DEBUG  ]  File ignored by hicexplorer because it exceeded search pattern filesize limit: clean.RS13C_S119_L002_R1_001_fastqc.html
[2023-02-02 13:17:11,048] multiqc                                            [DEBUG  ]  File ignored by longranger/invocation because it exceeded search pattern filesize limit: clean.RS13C_S119_L002_R1_001_fastqc.html
[2023-02-02 13:17:11,162] multiqc                                            [DEBUG  ]  File ignored by hicexplorer because it exceeded search pattern filesize limit: clean.RS14C_S109_L001_R1_001_fastqc.html
[2023-02-02 13:17:11,179] multiqc                                            [DEBUG  ]  File ignored by longranger/invocation because it exceeded search pattern filesize limit: clean.RS14C_S109_L001_R1_001_fastqc.html
[2023-02-02 13:17:11,298] multiqc                                            [DEBUG  ]  File ignored by hicexplorer because it exceeded search pattern filesize limit: clean.RS1C_S127_L001_R1_001_fastqc.html
[2023-02-02 13:17:11,315] multiqc                                            [DEBUG  ]  File ignored by longranger/invocation because it exceeded search pattern filesize limit: clean.RS1C_S127_L001_R1_001_fastqc.html
[2023-02-02 13:17:11,430] multiqc                                            [DEBUG  ]  File ignored by hicexplorer because it exceeded search pattern filesize limit: clean.RS2C_S89_L001_R1_001_fastqc.html
[2023-02-02 13:17:11,448] multiqc                                            [DEBUG  ]  File ignored by longranger/invocation because it exceeded search pattern filesize limit: clean.RS2C_S89_L001_R1_001_fastqc.html
[2023-02-02 13:17:11,561] multiqc                                            [DEBUG  ]  File ignored by hicexplorer because it exceeded search pattern filesize limit: clean.RS3D_S117_L002_R1_001_fastqc.html
[2023-02-02 13:17:11,580] multiqc                                            [DEBUG  ]  File ignored by longranger/invocation because it exceeded search pattern filesize limit: clean.RS3D_S117_L002_R1_001_fastqc.html
[2023-02-02 13:17:11,691] multiqc                                            [DEBUG  ]  File ignored by hicexplorer because it exceeded search pattern filesize limit: clean.RS8B_S94_L001_R1_001_fastqc.html
[2023-02-02 13:17:11,710] multiqc                                            [DEBUG  ]  File ignored by longranger/invocation because it exceeded search pattern filesize limit: clean.RS8B_S94_L001_R1_001_fastqc.html
[2023-02-02 13:17:11,823] multiqc                                            [DEBUG  ]  File ignored by hicexplorer because it exceeded search pattern filesize limit: clean.RS9C_S93_L001_R1_001_fastqc.html
[2023-02-02 13:17:11,840] multiqc                                            [DEBUG  ]  File ignored by longranger/invocation because it exceeded search pattern filesize limit: clean.RS9C_S93_L001_R1_001_fastqc.html
[2023-02-02 13:17:11,966] multiqc                                            [DEBUG  ]  File ignored by hicexplorer because it exceeded search pattern filesize limit: clean.RF13B_S85_L001_R1_001_fastqc.html
[2023-02-02 13:17:11,983] multiqc                                            [DEBUG  ]  File ignored by longranger/invocation because it exceeded search pattern filesize limit: clean.RF13B_S85_L001_R1_001_fastqc.html
[2023-02-02 13:17:12,091] multiqc                                            [DEBUG  ]  File ignored by hicexplorer because it exceeded search pattern filesize limit: clean.RF14C_S95_L002_R1_001_fastqc.html
[2023-02-02 13:17:12,109] multiqc                                            [DEBUG  ]  File ignored by longranger/invocation because it exceeded search pattern filesize limit: clean.RF14C_S95_L002_R1_001_fastqc.html
[2023-02-02 13:17:12,213] multiqc                                            [DEBUG  ]  File ignored by hicexplorer because it exceeded search pattern filesize limit: clean.RF15D_S84_L001_R1_001_fastqc.html
[2023-02-02 13:17:12,229] multiqc                                            [DEBUG  ]  File ignored by longranger/invocation because it exceeded search pattern filesize limit: clean.RF15D_S84_L001_R1_001_fastqc.html
[2023-02-02 13:17:12,336] multiqc                                            [DEBUG  ]  File ignored by hicexplorer because it exceeded search pattern filesize limit: clean.RF16A_S118_L001_R1_001_fastqc.html
[2023-02-02 13:17:12,352] multiqc                                            [DEBUG  ]  File ignored by longranger/invocation because it exceeded search pattern filesize limit: clean.RF16A_S118_L001_R1_001_fastqc.html
[2023-02-02 13:17:12,456] multiqc                                            [DEBUG  ]  File ignored by hicexplorer because it exceeded search pattern filesize limit: clean.RF17D_S99_L001_R1_001_fastqc.html
[2023-02-02 13:17:12,471] multiqc                                            [DEBUG  ]  File ignored by longranger/invocation because it exceeded search pattern filesize limit: clean.RF17D_S99_L001_R1_001_fastqc.html
[2023-02-02 13:17:12,581] multiqc                                            [DEBUG  ]  File ignored by hicexplorer because it exceeded search pattern filesize limit: clean.RF18B_S90_L001_R1_001_fastqc.html
[2023-02-02 13:17:12,591] multiqc                                            [DEBUG  ]  File ignored by longranger/invocation because it exceeded search pattern filesize limit: clean.RF18B_S90_L001_R1_001_fastqc.html
[2023-02-02 13:17:12,697] multiqc                                            [DEBUG  ]  File ignored by hicexplorer because it exceeded search pattern filesize limit: clean.RF19B_S103_L001_R1_001_fastqc.html
[2023-02-02 13:17:12,714] multiqc                                            [DEBUG  ]  File ignored by longranger/invocation because it exceeded search pattern filesize limit: clean.RF19B_S103_L001_R1_001_fastqc.html
[2023-02-02 13:17:12,843] multiqc                                            [DEBUG  ]  File ignored by hicexplorer because it exceeded search pattern filesize limit: clean.RF23C_S108_L002_R1_001_fastqc.html
[2023-02-02 13:17:12,860] multiqc                                            [DEBUG  ]  File ignored by longranger/invocation because it exceeded search pattern filesize limit: clean.RF23C_S108_L002_R1_001_fastqc.html
[2023-02-02 13:17:12,969] multiqc                                            [DEBUG  ]  File ignored by hicexplorer because it exceeded search pattern filesize limit: clean.RF24D_S111_L001_R1_001_fastqc.html
[2023-02-02 13:17:12,984] multiqc                                            [DEBUG  ]  File ignored by longranger/invocation because it exceeded search pattern filesize limit: clean.RF24D_S111_L001_R1_001_fastqc.html
[2023-02-02 13:17:13,089] multiqc                                            [DEBUG  ]  File ignored by hicexplorer because it exceeded search pattern filesize limit: clean.RF25A_S96_L001_R1_001_fastqc.html
[2023-02-02 13:17:13,100] multiqc                                            [DEBUG  ]  File ignored by longranger/invocation because it exceeded search pattern filesize limit: clean.RF25A_S96_L001_R1_001_fastqc.html
[2023-02-02 13:17:13,197] multiqc                                            [DEBUG  ]  File ignored by hicexplorer because it exceeded search pattern filesize limit: clean.RS11B_S86_L002_R1_001_fastqc.html
[2023-02-02 13:17:13,211] multiqc                                            [DEBUG  ]  File ignored by longranger/invocation because it exceeded search pattern filesize limit: clean.RS11B_S86_L002_R1_001_fastqc.html
[2023-02-02 13:17:13,303] multiqc                                            [DEBUG  ]  File ignored by hicexplorer because it exceeded search pattern filesize limit: clean.RS12A_S105_L002_R1_001_fastqc.html
[2023-02-02 13:17:13,316] multiqc                                            [DEBUG  ]  File ignored by longranger/invocation because it exceeded search pattern filesize limit: clean.RS12A_S105_L002_R1_001_fastqc.html
[2023-02-02 13:17:13,409] multiqc                                            [DEBUG  ]  File ignored by hicexplorer because it exceeded search pattern filesize limit: clean.RS12C_S106_L001_R1_001_fastqc.html
[2023-02-02 13:17:13,423] multiqc                                            [DEBUG  ]  File ignored by longranger/invocation because it exceeded search pattern filesize limit: clean.RS12C_S106_L001_R1_001_fastqc.html
[2023-02-02 13:17:13,517] multiqc                                            [DEBUG  ]  File ignored by hicexplorer because it exceeded search pattern filesize limit: clean.RS13C_S119_L001_R1_001_fastqc.html
[2023-02-02 13:17:13,530] multiqc                                            [DEBUG  ]  File ignored by longranger/invocation because it exceeded search pattern filesize limit: clean.RS13C_S119_L001_R1_001_fastqc.html
[2023-02-02 13:17:13,619] multiqc                                            [DEBUG  ]  File ignored by hicexplorer because it exceeded search pattern filesize limit: clean.RS14C_S109_L002_R1_001_fastqc.html
[2023-02-02 13:17:13,631] multiqc                                            [DEBUG  ]  File ignored by longranger/invocation because it exceeded search pattern filesize limit: clean.RS14C_S109_L002_R1_001_fastqc.html
[2023-02-02 13:17:13,723] multiqc                                            [DEBUG  ]  File ignored by hicexplorer because it exceeded search pattern filesize limit: clean.RS15B_S104_L002_R1_001_fastqc.html
[2023-02-02 13:17:13,738] multiqc                                            [DEBUG  ]  File ignored by longranger/invocation because it exceeded search pattern filesize limit: clean.RS15B_S104_L002_R1_001_fastqc.html
[2023-02-02 13:17:13,829] multiqc                                            [DEBUG  ]  File ignored by hicexplorer because it exceeded search pattern filesize limit: clean.RS15D_S82_L002_R1_001_fastqc.html
[2023-02-02 13:17:13,840] multiqc                                            [DEBUG  ]  File ignored by longranger/invocation because it exceeded search pattern filesize limit: clean.RS15D_S82_L002_R1_001_fastqc.html
[2023-02-02 13:17:13,922] multiqc                                            [DEBUG  ]  File ignored by hicexplorer because it exceeded search pattern filesize limit: clean.RS1B_S102_L002_R1_001_fastqc.html
[2023-02-02 13:17:13,933] multiqc                                            [DEBUG  ]  File ignored by longranger/invocation because it exceeded search pattern filesize limit: clean.RS1B_S102_L002_R1_001_fastqc.html
[2023-02-02 13:17:14,019] multiqc                                            [DEBUG  ]  File ignored by hicexplorer because it exceeded search pattern filesize limit: clean.RS1C_S127_L002_R1_001_fastqc.html
[2023-02-02 13:17:14,029] multiqc                                            [DEBUG  ]  File ignored by longranger/invocation because it exceeded search pattern filesize limit: clean.RS1C_S127_L002_R1_001_fastqc.html
[2023-02-02 13:17:14,119] multiqc                                            [DEBUG  ]  File ignored by hicexplorer because it exceeded search pattern filesize limit: clean.RS2B_S123_L001_R1_001_fastqc.html
[2023-02-02 13:17:14,130] multiqc                                            [DEBUG  ]  File ignored by longranger/invocation because it exceeded search pattern filesize limit: clean.RS2B_S123_L001_R1_001_fastqc.html
[2023-02-02 13:17:14,225] multiqc                                            [DEBUG  ]  File ignored by hicexplorer because it exceeded search pattern filesize limit: clean.RS3B_S100_L001_R1_001_fastqc.html
[2023-02-02 13:17:14,237] multiqc                                            [DEBUG  ]  File ignored by longranger/invocation because it exceeded search pattern filesize limit: clean.RS3B_S100_L001_R1_001_fastqc.html
[2023-02-02 13:17:14,326] multiqc                                            [DEBUG  ]  File ignored by hicexplorer because it exceeded search pattern filesize limit: clean.RS3B_S100_L002_R1_001_fastqc.html
[2023-02-02 13:17:14,339] multiqc                                            [DEBUG  ]  File ignored by longranger/invocation because it exceeded search pattern filesize limit: clean.RS3B_S100_L002_R1_001_fastqc.html
[2023-02-02 13:17:14,427] multiqc                                            [DEBUG  ]  File ignored by hicexplorer because it exceeded search pattern filesize limit: clean.RS3D_S117_L001_R1_001_fastqc.html
[2023-02-02 13:17:14,441] multiqc                                            [DEBUG  ]  File ignored by longranger/invocation because it exceeded search pattern filesize limit: clean.RS3D_S117_L001_R1_001_fastqc.html
[2023-02-02 13:17:14,533] multiqc                                            [DEBUG  ]  File ignored by hicexplorer because it exceeded search pattern filesize limit: clean.RS6D_S124_L002_R1_001_fastqc.html
[2023-02-02 13:17:14,547] multiqc                                            [DEBUG  ]  File ignored by longranger/invocation because it exceeded search pattern filesize limit: clean.RS6D_S124_L002_R1_001_fastqc.html
[2023-02-02 13:17:14,636] multiqc                                            [DEBUG  ]  File ignored by hicexplorer because it exceeded search pattern filesize limit: clean.RS8B_S94_L002_R1_001_fastqc.html
[2023-02-02 13:17:14,645] multiqc                                            [DEBUG  ]  File ignored by longranger/invocation because it exceeded search pattern filesize limit: clean.RS8B_S94_L002_R1_001_fastqc.html
[2023-02-02 13:17:14,730] multiqc                                            [DEBUG  ]  File ignored by hicexplorer because it exceeded search pattern filesize limit: clean.RS8C_S114_L002_R1_001_fastqc.html
[2023-02-02 13:17:14,742] multiqc                                            [DEBUG  ]  File ignored by longranger/invocation because it exceeded search pattern filesize limit: clean.RS8C_S114_L002_R1_001_fastqc.html
[2023-02-02 13:17:16,975] multiqc.plots.bargraph                             [DEBUG  ]  Using matplotlib version 3.2.1
[2023-02-02 13:17:16,995] multiqc.plots.linegraph                            [DEBUG  ]  Using matplotlib version 3.2.1
[2023-02-02 13:17:16,999] multiqc                                            [DEBUG  ]  No samples found: custom_content
[2023-02-02 13:17:17,008] multiqc                                            [DEBUG  ]  No samples found: conpair
[2023-02-02 13:17:17,018] multiqc                                            [DEBUG  ]  No samples found: peddy
[2023-02-02 13:17:17,034] multiqc                                            [DEBUG  ]  No samples found: somalier
[2023-02-02 13:17:17,043] multiqc                                            [DEBUG  ]  No samples found: methylQA
[2023-02-02 13:17:17,064] multiqc                                            [DEBUG  ]  No samples found: mosdepth
[2023-02-02 13:17:17,072] multiqc                                            [DEBUG  ]  No samples found: phantompeakqualtools
[2023-02-02 13:17:17,077] multiqc                                            [DEBUG  ]  No samples found: qualimap
[2023-02-02 13:17:17,094] multiqc                                            [DEBUG  ]  No samples found: preseq
[2023-02-02 13:17:17,103] multiqc                                            [DEBUG  ]  No samples found: quast
[2023-02-02 13:17:17,112] multiqc                                            [DEBUG  ]  No samples found: qorts
[2023-02-02 13:17:17,121] multiqc                                            [DEBUG  ]  No samples found: rna_seqc
[2023-02-02 13:17:17,132] multiqc                                            [DEBUG  ]  No samples found: rockhopper
[2023-02-02 13:17:17,148] multiqc                                            [DEBUG  ]  No samples found: rsem
[2023-02-02 13:17:17,177] multiqc                                            [DEBUG  ]  No samples found: rseqc
[2023-02-02 13:17:17,186] multiqc                                            [DEBUG  ]  No samples found: busco
[2023-02-02 13:17:17,196] multiqc                                            [DEBUG  ]  No samples found: goleft_indexcov
[2023-02-02 13:17:17,211] multiqc                                            [DEBUG  ]  No samples found: disambiguate
[2023-02-02 13:17:17,221] multiqc                                            [DEBUG  ]  No samples found: supernova
[2023-02-02 13:17:17,260] multiqc                                            [DEBUG  ]  No samples found: deeptools
[2023-02-02 13:17:17,275] multiqc                                            [DEBUG  ]  No samples found: sargasso
[2023-02-02 13:17:17,284] multiqc                                            [DEBUG  ]  No samples found: verifybamid
[2023-02-02 13:17:17,293] multiqc                                            [DEBUG  ]  No samples found: mirtrace
[2023-02-02 13:17:17,301] multiqc                                            [DEBUG  ]  No samples found: happy
[2023-02-02 13:17:17,309] multiqc                                            [DEBUG  ]  No samples found: mirtop
[2023-02-02 13:17:17,343] multiqc                                            [DEBUG  ]  No samples found: homer
[2023-02-02 13:17:17,351] multiqc                                            [DEBUG  ]  No samples found: macs2
[2023-02-02 13:17:17,361] multiqc                                            [DEBUG  ]  No samples found: theta2
[2023-02-02 13:17:17,370] multiqc                                            [DEBUG  ]  No samples found: snpeff
[2023-02-02 13:17:17,385] multiqc                                            [DEBUG  ]  No samples found: gatk
[2023-02-02 13:17:17,401] multiqc                                            [DEBUG  ]  No samples found: htseq
[2023-02-02 13:17:17,413] multiqc                                            [DEBUG  ]  No samples found: bcftools
[2023-02-02 13:17:17,421] multiqc                                            [DEBUG  ]  No samples found: featureCounts
[2023-02-02 13:17:17,437] multiqc                                            [DEBUG  ]  No samples found: fgbio
[2023-02-02 13:17:17,472] multiqc                                            [DEBUG  ]  No samples found: dragen
[2023-02-02 13:17:17,480] multiqc                                            [DEBUG  ]  No samples found: dedup
[2023-02-02 13:17:17,489] multiqc                                            [DEBUG  ]  No samples found: damageprofiler
[2023-02-02 13:17:17,563] multiqc                                            [DEBUG  ]  No samples found: biobambam2
[2023-02-02 13:17:17,579] multiqc                                            [DEBUG  ]  No samples found: mtnucratio
[2023-02-02 13:17:17,581] multiqc                                            [DEBUG  ]  No samples found: picard
[2023-02-02 13:17:17,590] multiqc                                            [DEBUG  ]  No samples found: prokka
[2023-02-02 13:17:17,606] multiqc                                            [DEBUG  ]  No samples found: samblaster
[2023-02-02 13:17:17,624] multiqc                                            [DEBUG  ]  No samples found: samtools
[2023-02-02 13:17:17,632] multiqc                                            [DEBUG  ]  No samples found: sexdeterrmine
[2023-02-02 13:17:17,648] multiqc                                            [DEBUG  ]  No samples found: bamtools
[2023-02-02 13:17:17,656] multiqc                                            [DEBUG  ]  No samples found: jellyfish
[2023-02-02 13:17:17,676] multiqc                                            [DEBUG  ]  No samples found: vcftools
[2023-02-02 13:17:17,685] multiqc                                            [DEBUG  ]  No samples found: longranger
[2023-02-02 13:17:17,698] multiqc                                            [DEBUG  ]  No samples found: stacks
[2023-02-02 13:17:17,709] multiqc                                            [DEBUG  ]  No samples found: varscan2
[2023-02-02 13:17:17,746] multiqc                                            [DEBUG  ]  No samples found: bbmap
[2023-02-02 13:17:17,761] multiqc                                            [DEBUG  ]  No samples found: bismark
[2023-02-02 13:17:17,771] multiqc                                            [DEBUG  ]  No samples found: biscuit
[2023-02-02 13:17:17,780] multiqc                                            [DEBUG  ]  No samples found: hicexplorer
[2023-02-02 13:17:17,790] multiqc                                            [DEBUG  ]  No samples found: hicup
[2023-02-02 13:17:17,799] multiqc                                            [DEBUG  ]  No samples found: hicpro
[2023-02-02 13:17:17,813] multiqc                                            [DEBUG  ]  No samples found: salmon
[2023-02-02 13:17:17,825] multiqc                                            [DEBUG  ]  No samples found: kallisto
[2023-02-02 13:17:17,835] multiqc                                            [DEBUG  ]  No samples found: slamdunk
[2023-02-02 13:17:17,845] multiqc                                            [DEBUG  ]  No samples found: star
[2023-02-02 13:17:17,855] multiqc                                            [DEBUG  ]  No samples found: hisat2
[2023-02-02 13:17:17,863] multiqc                                            [DEBUG  ]  No samples found: tophat
[2023-02-02 13:17:17,877] multiqc                                            [DEBUG  ]  No samples found: bowtie2
[2023-02-02 13:17:17,886] multiqc                                            [DEBUG  ]  No samples found: bowtie1
[2023-02-02 13:17:17,895] multiqc                                            [DEBUG  ]  No samples found: snpsplit
[2023-02-02 13:17:17,903] multiqc                                            [DEBUG  ]  No samples found: kat
[2023-02-02 13:17:17,912] multiqc                                            [DEBUG  ]  No samples found: leehom
[2023-02-02 13:17:17,921] multiqc                                            [DEBUG  ]  No samples found: adapterRemoval
[2023-02-02 13:17:17,934] multiqc                                            [DEBUG  ]  No samples found: clipandmerge
[2023-02-02 13:17:17,944] multiqc                                            [DEBUG  ]  No samples found: cutadapt
[2023-02-02 13:17:17,952] multiqc                                            [DEBUG  ]  No samples found: flexbar
[2023-02-02 13:17:17,961] multiqc                                            [DEBUG  ]  No samples found: kaiju
[2023-02-02 13:17:17,971] multiqc                                            [DEBUG  ]  No samples found: kraken
[2023-02-02 13:17:17,979] multiqc                                            [DEBUG  ]  No samples found: malt
[2023-02-02 13:17:17,993] multiqc                                            [DEBUG  ]  No samples found: trimmomatic
[2023-02-02 13:17:18,003] multiqc                                            [DEBUG  ]  No samples found: sickle
[2023-02-02 13:17:18,011] multiqc                                            [DEBUG  ]  No samples found: skewer
[2023-02-02 13:17:18,019] multiqc                                            [DEBUG  ]  No samples found: sortmerna
[2023-02-02 13:17:18,027] multiqc                                            [DEBUG  ]  No samples found: biobloomtools
[2023-02-02 13:17:18,035] multiqc                                            [DEBUG  ]  No samples found: fastq_screen
[2023-02-02 13:17:18,048] multiqc                                            [DEBUG  ]  No samples found: afterqc
[2023-02-02 13:17:18,056] multiqc                                            [DEBUG  ]  No samples found: fastp
[2023-02-02 13:17:20,897] multiqc.modules.fastqc.fastqc                      [INFO   ]  Found 96 reports
[2023-02-02 13:17:21,719] multiqc                                            [DEBUG  ]  No samples found: pycoqc
[2023-02-02 13:17:21,728] multiqc                                            [DEBUG  ]  No samples found: minionqc
[2023-02-02 13:17:21,736] multiqc                                            [DEBUG  ]  No samples found: multivcfanalyzer
[2023-02-02 13:17:21,745] multiqc                                            [DEBUG  ]  No samples found: clusterflow
[2023-02-02 13:17:21,754] multiqc                                            [DEBUG  ]  No samples found: bcl2fastq
[2023-02-02 13:17:21,763] multiqc                                            [DEBUG  ]  No samples found: interop
[2023-02-02 13:17:21,771] multiqc                                            [DEBUG  ]  No samples found: ivar
[2023-02-02 13:17:21,782] multiqc                                            [DEBUG  ]  No samples found: flash
[2023-02-02 13:17:21,792] multiqc                                            [DEBUG  ]  No samples found: seqyclean
[2023-02-02 13:17:21,869] multiqc                                            [INFO   ]  Compressing plot data
[2023-02-02 13:17:22,859] multiqc                                            [INFO   ]  Report      : multiqc_report.html
[2023-02-02 13:17:22,860] multiqc                                            [INFO   ]  Data        : multiqc_data
[2023-02-02 13:17:22,860] multiqc                                            [DEBUG  ]  Moving data file from '/tmp/tmpcpetql3k/multiqc_data' to '/glfs/brick01/gv0/putnamlab/zdellaert/Pdam-TagSeq/raw_data/multiqc_data'
[2023-02-02 13:17:23,515] multiqc                                            [INFO   ]  MultiQC complete
