[1] "brown_module.csv"
go.obo gene_to_go.tab brown_module.csv BP largest=0.1 smallest=5 cutHeight=0.25

Run parameters:

largest GO category as fraction of all genes (largest)  : 0.1
         smallest GO category as # of genes (smallest)  : 5
                clustering threshold (clusterCutHeight) : 0.25

-----------------
retrieving GO hierarchy, reformatting data...

-------------
go_reformat:
Genes with GO annotations, but not listed in measure table: 1

Terms without defined level (old ontology?..): 778
-------------
-------------
go_nrify:
13034 categories, 4373 genes; size range 5-437.3
	231 too broad
	6322 too small
	6481 remaining

removing redundancy:

calculating GO term similarities based on shared genes...
4545 non-redundant GO categories of good size
-------------

Secondary clustering:
calculating similarities....
Binary classification detected; will perform Fisher's test
null device 
          1 
                                                       pval direction  color
6/8 obsolete histone H2A phosphorylation       1.000000e-15         0  black
15/49 peptidyl-threonine modification          1.000000e-02         0  black
7/9 obsolete histone-threonine phosphorylation 1.000000e-15         0  black
60/345 organic acid metabolic process          1.000000e-15         0  black
34/165 monocarboxylic acid metabolic process   1.000000e-15         0  black
17/65 obsolete coenzyme biosynthetic process   7.500000e-02         0 grey50
21/90 obsolete cofactor biosynthetic process   7.142857e-02         0 grey50
     delta.rank         pval level nseqs       term
1966          0 4.346479e-05     2   165 GO:0032787
                                      name p.adj
1966 monocarboxylic acid metabolic process     0
[1] "red_module.csv"
go.obo gene_to_go.tab red_module.csv BP largest=0.1 smallest=5 cutHeight=0.25

Run parameters:

largest GO category as fraction of all genes (largest)  : 0.1
         smallest GO category as # of genes (smallest)  : 5
                clustering threshold (clusterCutHeight) : 0.25

-----------------
retrieving GO hierarchy, reformatting data...

-------------
go_reformat:
Genes with GO annotations, but not listed in measure table: 1

Terms without defined level (old ontology?..): 778
-------------
-------------
go_nrify:
13034 categories, 4373 genes; size range 5-437.3
	231 too broad
	6322 too small
	6481 remaining

removing redundancy:

calculating GO term similarities based on shared genes...
4545 non-redundant GO categories of good size
-------------

Secondary clustering:
calculating similarities....
Binary classification detected; will perform Fisher's test
