shuffling values to calculate FDR, 20 reps
replicate 1
replicate 2
replicate 3
replicate 4
replicate 5
replicate 6
replicate 7
replicate 8
replicate 9
replicate 10
replicate 11
replicate 12
replicate 13
replicate 14
replicate 15
replicate 16
replicate 17
replicate 18
replicate 19
replicate 20
38 GO terms at 10% FDR
Loading required package: ape
GO terms dispayed: 38
"Good genes" accounted for:  595 out of 1272 ( 47% )
Warning messages:
1: In plot.formula(c(1:top) ~ c(1:top), type = "n", axes = F, xlab = "",  :
  the formula 'c(1:top) ~ c(1:top)' is treated as 'c(1:top) ~ 1'
2: In plot.formula(c(1:top) ~ c(1:top), type = "n", axes = F, xlab = "",  :
  the formula 'c(1:top) ~ c(1:top)' is treated as 'c(1:top) ~ 1'
1
2
3
4
Error in file(file, "rt") : cannot open the connection
Calls: gomwuStats -> clusteringGOs -> read.table -> file
In addition: Warning message:
In file(file, "rt") :
  cannot open file 'dissim0_BP_gene_to_go.tab': No such file or directory
Execution halted
slurmstepd: error: Detected 1 oom-kill event(s) in step 332212.batch cgroup. Some of your processes may have been killed by the cgroup out-of-memory handler.
