[1] "turquoise_module.csv"
go.obo gene_to_go.tab turquoise_module.csv BP largest=0.1 smallest=5 cutHeight=0.25

Run parameters:

largest GO category as fraction of all genes (largest)  : 0.1
         smallest GO category as # of genes (smallest)  : 5
                clustering threshold (clusterCutHeight) : 0.25

-----------------
retrieving GO hierarchy, reformatting data...

-------------
go_reformat:
Genes with GO annotations, but not listed in measure table: 1

Terms without defined level (old ontology?..): 778
-------------
-------------
go_nrify:
13034 categories, 4373 genes; size range 5-437.3
	231 too broad
	6322 too small
	6481 remaining

removing redundancy:

calculating GO term similarities based on shared genes...
4545 non-redundant GO categories of good size
-------------

Secondary clustering:
calculating similarities....
Binary classification detected; will perform Fisher's test
null device 
          1 
                                                                                  pval
9/11 dorsal spinal cord development                                       5.178571e-02
11/16 NADH metabolic process                                              8.676471e-02
17/29 NADH dehydrogenase complex assembly                                 7.258065e-02
23/44 mitochondrial respiratory chain complex assembly                    7.727273e-02
64/148 nucleoside triphosphate metabolic process                          2.826087e-02
8/10 mitochondrial electron transport, ubiquinol to cytochrome c          8.750000e-02
111/287 nucleobase-containing small molecule metabolic process            3.750000e-02
81/196 ribose phosphate metabolic process                                 2.727273e-02
152/413 carbohydrate derivative metabolic process                         5.000000e-02
25/40 mitochondrial ATP synthesis coupled electron transport              1.000000e-15
62/129 energy derivation by oxidation of organic compounds                1.000000e-15
51/94 cellular respiration                                                1.000000e-15
15/23 mitochondrial electron transport, NADH to ubiquinone                4.600000e-02
79/175 generation of precursor metabolites and energy                     1.000000e-15
34/56 oxidative phosphorylation                                           1.000000e-15
126/343 obsolete oxidation-reduction process                              8.918919e-02
41/75 electron transport chain                                            1.000000e-15
31/52 respiratory electron transport chain                                1.000000e-15
8/10 acute-phase response                                                 8.750000e-02
25/49 translational elongation                                            7.500000e-02
56/90 translational initiation                                            1.000000e-15
136/268 amide biosynthetic process                                        1.000000e-15
67/90 cytoplasmic translation                                             1.000000e-15
170/360 amide metabolic process                                           1.000000e-15
154/391 obsolete cellular macromolecule catabolic process                 1.000000e-15
114/228 obsolete organic cyclic compound catabolic process                1.000000e-15
46/71 nuclear-transcribed mRNA catabolic process, nonsense-mediated decay 1.000000e-15
80/152 nucleic acid catabolic process                                     1.000000e-15
94/224 establishment of protein localization to organelle                 1.000000e-15
61/113 establishment of protein localization to membrane                  1.000000e-15
55/91 protein localization to endoplasmic reticulum                       1.000000e-15
75/166 protein targeting                                                  1.000000e-15
49/63 cotranslational protein targeting to membrane                       1.000000e-15
26/49 ribosomal large subunit biogenesis                                  4.814815e-02
72/181 non-membrane-bounded organelle assembly                            9.078947e-02
24/41 ribosome assembly                                                   1.666667e-02
12/17 ribosomal small subunit assembly                                    5.172414e-02
72/176 ribosome biogenesis                                                5.500000e-02
                                                                          direction
9/11 dorsal spinal cord development                                               0
11/16 NADH metabolic process                                                      0
17/29 NADH dehydrogenase complex assembly                                         0
23/44 mitochondrial respiratory chain complex assembly                            0
64/148 nucleoside triphosphate metabolic process                                  0
8/10 mitochondrial electron transport, ubiquinol to cytochrome c                  0
111/287 nucleobase-containing small molecule metabolic process                    0
81/196 ribose phosphate metabolic process                                         0
152/413 carbohydrate derivative metabolic process                                 0
25/40 mitochondrial ATP synthesis coupled electron transport                      0
62/129 energy derivation by oxidation of organic compounds                        0
51/94 cellular respiration                                                        0
15/23 mitochondrial electron transport, NADH to ubiquinone                        0
79/175 generation of precursor metabolites and energy                             0
34/56 oxidative phosphorylation                                                   0
126/343 obsolete oxidation-reduction process                                      0
41/75 electron transport chain                                                    0
31/52 respiratory electron transport chain                                        0
8/10 acute-phase response                                                         0
25/49 translational elongation                                                    0
56/90 translational initiation                                                    0
136/268 amide biosynthetic process                                                0
67/90 cytoplasmic translation                                                     0
170/360 amide metabolic process                                                   0
154/391 obsolete cellular macromolecule catabolic process                         0
114/228 obsolete organic cyclic compound catabolic process                        0
46/71 nuclear-transcribed mRNA catabolic process, nonsense-mediated decay         0
80/152 nucleic acid catabolic process                                             0
94/224 establishment of protein localization to organelle                         0
61/113 establishment of protein localization to membrane                          0
55/91 protein localization to endoplasmic reticulum                               0
75/166 protein targeting                                                          0
49/63 cotranslational protein targeting to membrane                               0
26/49 ribosomal large subunit biogenesis                                          0
72/181 non-membrane-bounded organelle assembly                                    0
24/41 ribosome assembly                                                           0
12/17 ribosomal small subunit assembly                                            0
72/176 ribosome biogenesis                                                        0
                                                                           color
9/11 dorsal spinal cord development                                       grey50
11/16 NADH metabolic process                                              grey50
17/29 NADH dehydrogenase complex assembly                                 grey50
23/44 mitochondrial respiratory chain complex assembly                    grey50
64/148 nucleoside triphosphate metabolic process                           black
8/10 mitochondrial electron transport, ubiquinol to cytochrome c          grey50
111/287 nucleobase-containing small molecule metabolic process             black
81/196 ribose phosphate metabolic process                                  black
152/413 carbohydrate derivative metabolic process                         grey50
25/40 mitochondrial ATP synthesis coupled electron transport               black
62/129 energy derivation by oxidation of organic compounds                 black
51/94 cellular respiration                                                 black
15/23 mitochondrial electron transport, NADH to ubiquinone                 black
79/175 generation of precursor metabolites and energy                      black
34/56 oxidative phosphorylation                                            black
126/343 obsolete oxidation-reduction process                              grey50
41/75 electron transport chain                                             black
31/52 respiratory electron transport chain                                 black
8/10 acute-phase response                                                 grey50
25/49 translational elongation                                            grey50
56/90 translational initiation                                             black
136/268 amide biosynthetic process                                         black
67/90 cytoplasmic translation                                              black
170/360 amide metabolic process                                            black
154/391 obsolete cellular macromolecule catabolic process                  black
114/228 obsolete organic cyclic compound catabolic process                 black
46/71 nuclear-transcribed mRNA catabolic process, nonsense-mediated decay  black
80/152 nucleic acid catabolic process                                      black
94/224 establishment of protein localization to organelle                  black
61/113 establishment of protein localization to membrane                   black
55/91 protein localization to endoplasmic reticulum                        black
75/166 protein targeting                                                   black
49/63 cotranslational protein targeting to membrane                        black
26/49 ribosomal large subunit biogenesis                                   black
72/181 non-membrane-bounded organelle assembly                            grey50
24/41 ribosome assembly                                                    black
12/17 ribosomal small subunit assembly                                    grey50
72/176 ribosome biogenesis                                                grey50
     delta.rank         pval level nseqs                             term
558           0 1.792635e-15     2    63            GO:0006613;GO:0006614
1487          0 1.342460e-05     7    40 GO:0019646;GO:0042773;GO:0042775
                                                       name p.adj
558           cotranslational protein targeting to membrane     0
1487 mitochondrial ATP synthesis coupled electron transport     0
[1] "magenta_module.csv"
